0 info it worked if it ends with ok
1 verbose cli [ 'node',
1 verbose cli   '/usr/local/bin/npm',
1 verbose cli   'install',
1 verbose cli   'grunt-spritemith',
1 verbose cli   '--save-dev' ]
2 info using npm@1.5.0-alpha-1
3 info using node@v0.10.28
4 warn package.json landing@0.0.0 No README data
5 verbose readDependencies using package.json deps
6 verbose cache add [ 'grunt-spritemith', null ]
7 verbose cache add spec="grunt-spritemith" args=["grunt-spritemith",null]
8 verbose parsed spec { raw: 'grunt-spritemith',
8 verbose parsed spec   scope: null,
8 verbose parsed spec   name: 'grunt-spritemith',
8 verbose parsed spec   rawSpec: '',
8 verbose parsed spec   spec: '*',
8 verbose parsed spec   type: 'range' }
9 verbose addNamed [ 'grunt-spritemith', '*' ]
10 verbose addNamed [ null, '*' ]
11 silly lockFile a8c66cb1-grunt-spritemith grunt-spritemith@*
12 verbose lock grunt-spritemith@* /Users/leapoahead/.npm/a8c66cb1-grunt-spritemith.lock
13 silly addNameRange { name: 'grunt-spritemith', range: '*', hasData: false }
14 verbose mapToRegistry name grunt-spritemith
15 verbose mapToRegistry uri http://registry.npm.alibaba-inc.com/grunt-spritemith
16 verbose request where is /grunt-spritemith
17 verbose request registry http://registry.npm.alibaba-inc.com/
18 verbose request id e67c26414d53709f
19 verbose request url raw /grunt-spritemith
20 verbose request url resolving [ 'http://registry.npm.alibaba-inc.com/', './grunt-spritemith' ]
21 verbose request url resolved http://registry.npm.alibaba-inc.com/grunt-spritemith
22 verbose request where is http://registry.npm.alibaba-inc.com/grunt-spritemith
23 verbose request no basic auth needed
24 info trying registry request attempt 1 at 13:37:16
25 http GET http://registry.npm.alibaba-inc.com/grunt-spritemith
26 http 404 http://registry.npm.alibaba-inc.com/grunt-spritemith
27 verbose headers { server: 'Tengine',
27 verbose headers   date: 'Tue, 16 Sep 2014 05:37:18 GMT',
27 verbose headers   'content-type': 'application/json; charset=utf-8',
27 verbose headers   'content-length': '51',
27 verbose headers   connection: 'close',
27 verbose headers   'x-powered-by': 'koa',
27 verbose headers   'x-readtime': '17' }
28 silly registry.get cb [ 404,
28 silly registry.get   { server: 'Tengine',
28 silly registry.get     date: 'Tue, 16 Sep 2014 05:37:18 GMT',
28 silly registry.get     'content-type': 'application/json; charset=utf-8',
28 silly registry.get     'content-length': '51',
28 silly registry.get     connection: 'close',
28 silly registry.get     'x-powered-by': 'koa',
28 silly registry.get     'x-readtime': '17' } ]
29 silly lockFile a8c66cb1-grunt-spritemith grunt-spritemith@*
30 silly lockFile a8c66cb1-grunt-spritemith grunt-spritemith@*
31 error 404 404 Not Found: grunt-spritemith
31 error 404
31 error 404 'grunt-spritemith' is not in the npm registry.
31 error 404 You should bug the author to publish it
31 error 404 It was specified as a dependency of 'landing'
31 error 404
31 error 404 Note that you can also install from a
31 error 404 tarball, folder, or http url, or git url.
32 error System Darwin 13.3.0
33 error command "node" "/usr/local/bin/npm" "install" "grunt-spritemith" "--save-dev"
34 error cwd /Users/leapoahead/Code/landing
35 error node -v v0.10.28
36 error npm -v 1.5.0-alpha-1
37 error code E404
38 verbose exit [ 1, true ]
